<?xml version="1.0" encoding="UTF-8"?>
<!-- Generated by org.testng.reporters.JUnitReportReporter -->
<testsuite hostname="WIN-8I04HMP8KBE" failures="0" tests="1" name="com.comcast.crm.ContacttestwithPom.CreateContacttest" time="31.227" errors="0" timestamp="2025-04-10T12:08:29 IST" skipped="0">
  <testcase classname="com.comcast.crm.ContacttestwithPom.CreateContacttest" name="Createcontact" time="31.227"/>
</testsuite> <!-- com.comcast.crm.ContacttestwithPom.CreateContacttest -->
