<?xml version="1.0" encoding="UTF-8"?>
<!-- Generated by org.testng.reporters.JUnitReportReporter -->
<testsuite hostname="WIN-8I04HMP8KBE" failures="0" tests="3" name="com.comcast.crm.OrgTestWithPom.CreateOrganizationTest" time="33.787" errors="0" timestamp="2025-04-01T14:31:11 IST" skipped="0">
  <testcase classname="com.comcast.crm.OrgTestWithPom.CreateOrganizationTest" name="CreateOrg" time="15.527"/>
  <testcase classname="com.comcast.crm.OrgTestWithPom.CreateOrganizationTest" name="CreateOrgWithIndustriesTest" time="10.051"/>
  <testcase classname="com.comcast.crm.OrgTestWithPom.CreateOrganizationTest" name="CreateOrgWithPhoneNumberTest" time="8.209"/>
</testsuite> <!-- com.comcast.crm.OrgTestWithPom.CreateOrganizationTest -->
