<?xml version="1.0" encoding="UTF-8"?>
<!-- Generated by org.testng.reporters.JUnitReportReporter -->
<testsuite hostname="WIN-8I04HMP8KBE" failures="0" tests="3" name="practice.test.GetProductInfoTest" time="76.715" errors="0" timestamp="2025-03-18T13:22:53 IST" skipped="0">
  <testcase classname="practice.test.GetProductInfoTest" name="getProductInfoTest" time="27.224"/>
  <testcase classname="practice.test.GetProductInfoTest" name="getProductInfoTest" time="26.304"/>
  <testcase classname="practice.test.GetProductInfoTest" name="getProductInfoTest" time="23.187"/>
</testsuite> <!-- practice.test.GetProductInfoTest -->
