<?xml version="1.0" encoding="UTF-8"?>
<!-- Generated by org.testng.reporters.JUnitReportReporter -->
<testsuite hostname="WIN-8I04HMP8KBE" failures="0" tests="1" name="practice.test.Practice1" time="28.956" errors="0" timestamp="2025-04-09T12:53:38 IST" skipped="0">
  <testcase classname="practice.test.Practice1" name="ninzaHrmTest" time="28.956"/>
</testsuite> <!-- practice.test.Practice1 -->
