<?xml version="1.0" encoding="UTF-8"?>
<!-- Generated by org.testng.reporters.JUnitReportReporter -->
<testsuite hostname="WIN-8I04HMP8KBE" failures="0" tests="1" name="com.comcast.crm.OrgTestWithPom.CreateOrganizationTestWithPOM" time="14.340" errors="0" timestamp="2025-03-19T12:23:15 IST" skipped="0">
  <testcase classname="com.comcast.crm.OrgTestWithPom.CreateOrganizationTestWithPOM" name="CreateOrgWithPhoneNumberTest" time="14.340"/>
</testsuite> <!-- com.comcast.crm.OrgTestWithPom.CreateOrganizationTestWithPOM -->
