<?xml version="1.0" encoding="UTF-8"?>
<!-- Generated by org.testng.reporters.JUnitReportReporter -->
<testsuite hostname="WIN-8I04HMP8KBE" failures="0" tests="3" name="com.comcast.crm.ContacttestwithPom.CreateContacttest" time="39.958" errors="0" timestamp="2025-04-08T18:11:03 IST" skipped="0">
  <testcase classname="com.comcast.crm.ContacttestwithPom.CreateContacttest" name="createContactWithOrgTest" time="15.631"/>
  <testcase classname="com.comcast.crm.ContacttestwithPom.CreateContacttest" name="Createcontact" time="14.355"/>
  <testcase classname="com.comcast.crm.ContacttestwithPom.CreateContacttest" name="createContactWithSupportDate" time="9.972"/>
</testsuite> <!-- com.comcast.crm.ContacttestwithPom.CreateContacttest -->
