<?xml version="1.0" encoding="UTF-8"?>
<!-- Generated by org.testng.reporters.JUnitReportReporter -->
<testsuite hostname="WIN-8I04HMP8KBE" failures="0" tests="1" name="com.comcast.crm.OrgTestWithPom.CreateOrganizationTest" time="13.560" errors="0" timestamp="2025-04-07T18:15:32 IST" skipped="0">
  <testcase classname="com.comcast.crm.OrgTestWithPom.CreateOrganizationTest" name="CreateOrg" time="13.560"/>
</testsuite> <!-- com.comcast.crm.OrgTestWithPom.CreateOrganizationTest -->
