<?xml version="1.0" encoding="UTF-8"?>
<!-- Generated by org.testng.reporters.JUnitReportReporter -->
<testsuite hostname="WIN-8I04HMP8KBE" failures="0" tests="3" name="com.comcast.crm.OrgTestWithPom.CreateOrganizationTest" time="35.072" errors="0" timestamp="2025-04-08T18:11:03 IST" skipped="0">
  <testcase classname="com.comcast.crm.OrgTestWithPom.CreateOrganizationTest" name="CreateOrg" time="11.418"/>
  <testcase classname="com.comcast.crm.OrgTestWithPom.CreateOrganizationTest" name="CreateOrgWithIndustriesTest" time="15.421"/>
  <testcase classname="com.comcast.crm.OrgTestWithPom.CreateOrganizationTest" name="CreateOrgWithPhoneNumberTest" time="8.233"/>
</testsuite> <!-- com.comcast.crm.OrgTestWithPom.CreateOrganizationTest -->
