<?xml version="1.0" encoding="UTF-8"?>
<!-- Generated by org.testng.reporters.JUnitReportReporter -->
<testsuite hostname="WIN-8I04HMP8KBE" failures="0" tests="3" name="com.comcast.crm.ContacttestwithPom.CreateContacttest" time="41.753" errors="0" timestamp="2025-04-01T14:31:11 IST" skipped="0">
  <testcase classname="com.comcast.crm.ContacttestwithPom.CreateContacttest" name="createContactWithSupportDate" time="12.707"/>
  <testcase classname="com.comcast.crm.ContacttestwithPom.CreateContacttest" name="Createcontact" time="12.107"/>
  <testcase classname="com.comcast.crm.ContacttestwithPom.CreateContacttest" name="createContactWithOrgTest" time="16.939"/>
</testsuite> <!-- com.comcast.crm.ContacttestwithPom.CreateContacttest -->
