<?xml version="1.0" encoding="UTF-8"?>
<!-- Generated by org.testng.reporters.JUnitReportReporter -->
<testsuite hostname="WIN-8I04HMP8KBE" failures="0" tests="3" name="com.comcast.crm.ContacttestwithPom.CreateContacttest_4th_tc" time="29.209" errors="0" timestamp="2025-03-18T18:15:36 IST" skipped="0">
  <testcase classname="com.comcast.crm.ContacttestwithPom.CreateContacttest_4th_tc" name="createContactWithOrgTest" time="9.096"/>
  <testcase classname="com.comcast.crm.ContacttestwithPom.CreateContacttest_4th_tc" name="Createcontact" time="7.531"/>
  <testcase classname="com.comcast.crm.ContacttestwithPom.CreateContacttest_4th_tc" name="createContactWithSupportDate" time="12.582"/>
</testsuite> <!-- com.comcast.crm.ContacttestwithPom.CreateContacttest_4th_tc -->
